<?xml version="1.0" encoding="UTF-8"?>
<coverage generated="1686711413267" clover="3.2.0">
  <project timestamp="1686711413267" name="All files">
    <metrics statements="50" coveredstatements="48" conditionals="17" coveredconditionals="15" methods="8" coveredmethods="7" elements="75" coveredelements="70" complexity="0" loc="50" ncloc="50" packages="1" files="1" classes="1"/>
    <file name="index.js" path="C:\Users\Admin\OneDrive\WorkSpace\Oxigyen\Miranda-tests\index.js">
      <metrics statements="50" coveredstatements="48" conditionals="17" coveredconditionals="15" methods="8" coveredmethods="7"/>
      <line num="2" count="375" type="cond" truecount="1" falsecount="1"/>
      <line num="3" count="0" type="stmt"/>
      <line num="4" count="375" type="cond" truecount="2" falsecount="0"/>
      <line num="5" count="269" type="stmt"/>
      <line num="6" count="106" type="cond" truecount="1" falsecount="1"/>
      <line num="7" count="0" type="stmt"/>
      <line num="9" count="106" type="stmt"/>
      <line num="10" count="106" type="stmt"/>
      <line num="16" count="11" type="stmt"/>
      <line num="17" count="11" type="stmt"/>
      <line num="18" count="11" type="stmt"/>
      <line num="19" count="11" type="stmt"/>
      <line num="20" count="11" type="stmt"/>
      <line num="21" count="11" type="stmt"/>
      <line num="28" count="3" type="stmt"/>
      <line num="29" count="3" type="stmt"/>
      <line num="30" count="3" type="stmt"/>
      <line num="31" count="3" type="stmt"/>
      <line num="37" count="271" type="stmt"/>
      <line num="38" count="271" type="stmt"/>
      <line num="39" count="983" type="stmt"/>
      <line num="40" count="983" type="cond" truecount="2" falsecount="0"/>
      <line num="44" count="125" type="stmt"/>
      <line num="47" count="146" type="stmt"/>
      <line num="51" count="20" type="stmt"/>
      <line num="52" count="20" type="stmt"/>
      <line num="53" count="20" type="stmt"/>
      <line num="56" count="20" type="stmt"/>
      <line num="57" count="20" type="stmt"/>
      <line num="59" count="20" type="stmt"/>
      <line num="60" count="20" type="stmt"/>
      <line num="64" count="241" type="cond" truecount="2" falsecount="0"/>
      <line num="66" count="20" type="stmt"/>
      <line num="69" count="20" type="stmt"/>
      <line num="73" count="5" type="stmt"/>
      <line num="75" count="5" type="stmt"/>
      <line num="76" count="15" type="stmt"/>
      <line num="80" count="15" type="stmt"/>
      <line num="83" count="5" type="stmt"/>
      <line num="87" count="3" type="stmt"/>
      <line num="89" count="3" type="stmt"/>
      <line num="90" count="9" type="stmt"/>
      <line num="91" count="9" type="stmt"/>
      <line num="92" count="9" type="stmt"/>
      <line num="96" count="28" type="cond" truecount="2" falsecount="0"/>
      <line num="97" count="4" type="stmt"/>
      <line num="98" count="4" type="stmt"/>
      <line num="101" count="9" type="cond" truecount="2" falsecount="0"/>
      <line num="104" count="3" type="stmt"/>
      <line num="108" count="1" type="stmt"/>
    </file>
  </project>
</coverage>
