{"C:\\Users\\Admin\\OneDrive\\WorkSpace\\Oxigyen\\Miranda-tests\\index.js": {"path":"C:\\Users\\Admin\\OneDrive\\WorkSpace\\Oxigyen\\Miranda-tests\\index.js","statementMap":{"0":{"start":{"line":2,"column":4},"end":{"line":9,"column":5}},"1":{"start":{"line":3,"column":8},"end":{"line":3,"column":20}},"2":{"start":{"line":4,"column":11},"end":{"line":9,"column":5}},"3":{"start":{"line":5,"column":8},"end":{"line":5,"column":20}},"4":{"start":{"line":7,"column":26},"end":{"line":7,"column":41}},"5":{"start":{"line":8,"column":8},"end":{"line":8,"column":70}},"6":{"start":{"line":14,"column":8},"end":{"line":14,"column":25}},"7":{"start":{"line":15,"column":8},"end":{"line":15,"column":27}},"8":{"start":{"line":16,"column":8},"end":{"line":16,"column":43}},"9":{"start":{"line":17,"column":8},"end":{"line":17,"column":45}},"10":{"start":{"line":18,"column":8},"end":{"line":18,"column":33}},"11":{"start":{"line":25,"column":8},"end":{"line":25,"column":25}},"12":{"start":{"line":26,"column":8},"end":{"line":34,"column":10}},"13":{"start":{"line":28,"column":16},"end":{"line":33,"column":17}},"14":{"start":{"line":35,"column":8},"end":{"line":35,"column":25}},"15":{"start":{"line":36,"column":8},"end":{"line":36,"column":33}},"16":{"start":{"line":42,"column":30},"end":{"line":42,"column":46}},"17":{"start":{"line":43,"column":8},"end":{"line":51,"column":9}},"18":{"start":{"line":43,"column":21},"end":{"line":43,"column":22}},"19":{"start":{"line":44,"column":28},"end":{"line":44,"column":44}},"20":{"start":{"line":45,"column":12},"end":{"line":50,"column":13}},"21":{"start":{"line":49,"column":16},"end":{"line":49,"column":28}},"22":{"start":{"line":52,"column":8},"end":{"line":52,"column":21}},"23":{"start":{"line":56,"column":35},"end":{"line":56,"column":56}},"24":{"start":{"line":57,"column":33},"end":{"line":57,"column":52}},"25":{"start":{"line":58,"column":25},"end":{"line":58,"column":44}},"26":{"start":{"line":61,"column":12},"end":{"line":61,"column":78}},"27":{"start":{"line":62,"column":27},"end":{"line":62,"column":28}},"28":{"start":{"line":64,"column":8},"end":{"line":70,"column":9}},"29":{"start":{"line":65,"column":29},"end":{"line":65,"column":47}},"30":{"start":{"line":69,"column":12},"end":{"line":69,"column":60}},"31":{"start":{"line":69,"column":45},"end":{"line":69,"column":60}},"32":{"start":{"line":71,"column":27},"end":{"line":73,"column":9}},"33":{"start":{"line":74,"column":8},"end":{"line":74,"column":26}},"34":{"start":{"line":78,"column":0},"end":{"line":81,"column":2}}},"fnMap":{"0":{"name":"formatDate","decl":{"start":{"line":1,"column":9},"end":{"line":1,"column":19}},"loc":{"start":{"line":1,"column":26},"end":{"line":10,"column":1}},"line":1},"1":{"name":"(anonymous_1)","decl":{"start":{"line":13,"column":4},"end":{"line":13,"column":5}},"loc":{"start":{"line":13,"column":58},"end":{"line":19,"column":5}},"line":13},"2":{"name":"(anonymous_2)","decl":{"start":{"line":20,"column":4},"end":{"line":20,"column":5}},"loc":{"start":{"line":20,"column":42},"end":{"line":20,"column":44}},"line":20},"3":{"name":"(anonymous_3)","decl":{"start":{"line":24,"column":4},"end":{"line":24,"column":5}},"loc":{"start":{"line":24,"column":48},"end":{"line":37,"column":5}},"line":24},"4":{"name":"(anonymous_4)","decl":{"start":{"line":27,"column":12},"end":{"line":27,"column":13}},"loc":{"start":{"line":28,"column":16},"end":{"line":33,"column":17}},"line":28},"5":{"name":"(anonymous_5)","decl":{"start":{"line":39,"column":4},"end":{"line":39,"column":5}},"loc":{"start":{"line":39,"column":21},"end":{"line":53,"column":5}},"line":39},"6":{"name":"(anonymous_6)","decl":{"start":{"line":55,"column":4},"end":{"line":55,"column":5}},"loc":{"start":{"line":55,"column":44},"end":{"line":75,"column":5}},"line":55}},"branchMap":{"0":{"loc":{"start":{"line":2,"column":4},"end":{"line":9,"column":5}},"type":"if","locations":[{"start":{"line":2,"column":4},"end":{"line":9,"column":5}},{"start":{"line":4,"column":11},"end":{"line":9,"column":5}}],"line":2},"1":{"loc":{"start":{"line":4,"column":11},"end":{"line":9,"column":5}},"type":"if","locations":[{"start":{"line":4,"column":11},"end":{"line":9,"column":5}},{"start":{"line":6,"column":11},"end":{"line":9,"column":5}}],"line":4},"2":{"loc":{"start":{"line":45,"column":12},"end":{"line":50,"column":13}},"type":"if","locations":[{"start":{"line":45,"column":12},"end":{"line":50,"column":13}},{"start":{},"end":{}}],"line":45},"3":{"loc":{"start":{"line":46,"column":16},"end":{"line":47,"column":71}},"type":"binary-expr","locations":[{"start":{"line":46,"column":16},"end":{"line":46,"column":48}},{"start":{"line":47,"column":17},"end":{"line":47,"column":34}},{"start":{"line":47,"column":38},"end":{"line":47,"column":70}}],"line":46},"4":{"loc":{"start":{"line":69,"column":12},"end":{"line":69,"column":60}},"type":"if","locations":[{"start":{"line":69,"column":12},"end":{"line":69,"column":60}},{"start":{},"end":{}}],"line":69}},"s":{"0":101,"1":39,"2":62,"3":0,"4":62,"5":62,"6":25,"7":25,"8":25,"9":25,"10":25,"11":5,"12":5,"13":25,"14":5,"15":5,"16":41,"17":41,"18":41,"19":204,"20":204,"21":18,"22":23,"23":5,"24":5,"25":5,"26":5,"27":5,"28":5,"29":5,"30":39,"31":17,"32":5,"33":5,"34":1},"f":{"0":101,"1":25,"2":0,"3":5,"4":25,"5":41,"6":5},"b":{"0":[39,62],"1":[0,62],"2":[18,186],"3":[204,183,183],"4":[17,22]},"_coverageSchema":"1a1c01bbd47fc00a2c39e90264f33305004495a9","hash":"3ecdb5a413584d65aa16356506b77e58decc34ba"}
}
