{"C:\\Users\\Admin\\OneDrive\\WorkSpace\\Oxigyen\\Miranda-tests\\index.js": {"path":"C:\\Users\\Admin\\OneDrive\\WorkSpace\\Oxigyen\\Miranda-tests\\index.js","statementMap":{"0":{"start":{"line":2,"column":22},"end":{"line":2,"column":37}},"1":{"start":{"line":3,"column":4},"end":{"line":3,"column":66}},"2":{"start":{"line":8,"column":8},"end":{"line":8,"column":25}},"3":{"start":{"line":9,"column":8},"end":{"line":9,"column":27}},"4":{"start":{"line":10,"column":8},"end":{"line":10,"column":43}},"5":{"start":{"line":11,"column":8},"end":{"line":11,"column":45}},"6":{"start":{"line":12,"column":8},"end":{"line":12,"column":33}},"7":{"start":{"line":19,"column":8},"end":{"line":19,"column":25}},"8":{"start":{"line":20,"column":8},"end":{"line":28,"column":10}},"9":{"start":{"line":22,"column":16},"end":{"line":27,"column":17}},"10":{"start":{"line":29,"column":8},"end":{"line":29,"column":25}},"11":{"start":{"line":30,"column":8},"end":{"line":30,"column":33}},"12":{"start":{"line":35,"column":30},"end":{"line":35,"column":46}},"13":{"start":{"line":36,"column":8},"end":{"line":44,"column":9}},"14":{"start":{"line":36,"column":21},"end":{"line":36,"column":22}},"15":{"start":{"line":37,"column":28},"end":{"line":37,"column":44}},"16":{"start":{"line":38,"column":12},"end":{"line":43,"column":13}},"17":{"start":{"line":42,"column":16},"end":{"line":42,"column":28}},"18":{"start":{"line":46,"column":8},"end":{"line":46,"column":21}},"19":{"start":{"line":50,"column":35},"end":{"line":50,"column":56}},"20":{"start":{"line":51,"column":33},"end":{"line":51,"column":52}},"21":{"start":{"line":52,"column":8},"end":{"line":52,"column":17}},"22":{"start":{"line":56,"column":0},"end":{"line":59,"column":2}}},"fnMap":{"0":{"name":"formatDate","decl":{"start":{"line":1,"column":9},"end":{"line":1,"column":19}},"loc":{"start":{"line":1,"column":26},"end":{"line":4,"column":1}},"line":1},"1":{"name":"(anonymous_1)","decl":{"start":{"line":7,"column":4},"end":{"line":7,"column":5}},"loc":{"start":{"line":7,"column":58},"end":{"line":13,"column":5}},"line":7},"2":{"name":"(anonymous_2)","decl":{"start":{"line":14,"column":4},"end":{"line":14,"column":5}},"loc":{"start":{"line":14,"column":42},"end":{"line":14,"column":44}},"line":14},"3":{"name":"(anonymous_3)","decl":{"start":{"line":18,"column":4},"end":{"line":18,"column":5}},"loc":{"start":{"line":18,"column":48},"end":{"line":31,"column":5}},"line":18},"4":{"name":"(anonymous_4)","decl":{"start":{"line":21,"column":12},"end":{"line":21,"column":13}},"loc":{"start":{"line":22,"column":16},"end":{"line":27,"column":17}},"line":22},"5":{"name":"(anonymous_5)","decl":{"start":{"line":32,"column":4},"end":{"line":32,"column":5}},"loc":{"start":{"line":32,"column":21},"end":{"line":47,"column":5}},"line":32},"6":{"name":"(anonymous_6)","decl":{"start":{"line":49,"column":4},"end":{"line":49,"column":5}},"loc":{"start":{"line":49,"column":44},"end":{"line":53,"column":5}},"line":49}},"branchMap":{"0":{"loc":{"start":{"line":38,"column":12},"end":{"line":43,"column":13}},"type":"if","locations":[{"start":{"line":38,"column":12},"end":{"line":43,"column":13}},{"start":{},"end":{}}],"line":38},"1":{"loc":{"start":{"line":39,"column":16},"end":{"line":40,"column":48}},"type":"binary-expr","locations":[{"start":{"line":39,"column":16},"end":{"line":39,"column":48}},{"start":{"line":40,"column":16},"end":{"line":40,"column":48}}],"line":39}},"s":{"0":22,"1":22,"2":9,"3":9,"4":9,"5":9,"6":9,"7":3,"8":3,"9":9,"10":3,"11":3,"12":2,"13":2,"14":2,"15":6,"16":6,"17":1,"18":1,"19":1,"20":1,"21":1,"22":1},"f":{"0":22,"1":9,"2":0,"3":3,"4":9,"5":2,"6":1},"b":{"0":[1,5],"1":[6,5]},"_coverageSchema":"1a1c01bbd47fc00a2c39e90264f33305004495a9","hash":"ff21ede10a8a53618ff687315d9a1b1d75fdd087"}
}
