TN:
SF:index.js
FN:1,formatDate
FN:15,(anonymous_1)
FN:23,(anonymous_2)
FN:34,(anonymous_3)
FN:41,(anonymous_4)
FN:58,(anonymous_5)
FN:80,(anonymous_6)
FN:94,(anonymous_7)
FNF:8
FNH:8
FNDA:320,formatDate
FNDA:11,(anonymous_1)
FNDA:4,(anonymous_2)
FNDA:25,(anonymous_3)
FNDA:238,(anonymous_4)
FNDA:18,(anonymous_5)
FNDA:5,(anonymous_6)
FNDA:2,(anonymous_7)
DA:2,320
DA:3,1
DA:4,319
DA:5,235
DA:6,84
DA:7,0
DA:9,84
DA:10,84
DA:16,11
DA:17,11
DA:18,11
DA:19,11
DA:20,11
DA:21,11
DA:24,4
DA:35,25
DA:36,25
DA:37,25
DA:38,25
DA:45,238
DA:46,238
DA:47,828
DA:48,828
DA:52,125
DA:55,113
DA:59,18
DA:60,18
DA:61,18
DA:64,18
DA:65,18
DA:67,18
DA:68,18
DA:72,219
DA:74,18
DA:77,18
DA:81,5
DA:83,5
DA:84,15
DA:88,15
DA:91,5
DA:95,2
DA:97,2
DA:98,6
DA:99,6
DA:100,6
DA:104,16
DA:105,4
DA:106,4
DA:109,6
DA:112,2
DA:116,1
LF:51
LH:50
BRDA:2,0,0,1
BRDA:2,0,1,319
BRDA:4,1,0,235
BRDA:4,1,1,84
BRDA:6,2,0,0
BRDA:6,2,1,84
BRDA:48,3,0,125
BRDA:48,3,1,703
BRDA:49,4,0,828
BRDA:49,4,1,652
BRDA:49,4,2,621
BRDA:72,5,0,119
BRDA:72,5,1,100
BRDA:104,6,0,4
BRDA:104,6,1,12
BRDA:109,7,0,2
BRDA:109,7,1,4
BRF:17
BRH:16
end_of_record
