TN:
SF:index.js
FN:1,formatDate
FN:7,(anonymous_1)
FN:14,(anonymous_2)
FN:18,(anonymous_3)
FN:21,(anonymous_4)
FN:32,(anonymous_5)
FN:49,(anonymous_6)
FNF:7
FNH:6
FNDA:22,formatDate
FNDA:9,(anonymous_1)
FNDA:0,(anonymous_2)
FNDA:3,(anonymous_3)
FNDA:9,(anonymous_4)
FNDA:2,(anonymous_5)
FNDA:1,(anonymous_6)
DA:2,22
DA:3,22
DA:8,9
DA:9,9
DA:10,9
DA:11,9
DA:12,9
DA:19,3
DA:20,3
DA:22,9
DA:29,3
DA:30,3
DA:35,2
DA:36,2
DA:37,6
DA:38,6
DA:42,1
DA:46,1
DA:50,1
DA:51,1
DA:52,1
DA:56,1
LF:22
LH:22
BRDA:38,0,0,1
BRDA:38,0,1,5
BRDA:39,1,0,6
BRDA:39,1,1,5
BRF:4
BRH:4
end_of_record
